C51 COMPILER V9.60.0.0   MAIN                                                              12/10/2022 10:18:30 PAGE 1   


C51 COMPILER V9.60.0.0, COMPILATION OF MODULE MAIN
OBJECT MODULE PLACED IN ..\Output\main.obj
COMPILER INVOKED BY: C:\keil_v5\C51\BIN\C51.EXE ..\User\main.c OPTIMIZE(8,SPEED) BROWSE DEBUG OBJECTEXTEND PRINT(..\List
                    -ing\main.lst) TABS(2) OBJECT(..\Output\main.obj)

line level    source

   1          # include <reg52.h>
   2          
   3          void delay(unsigned int z){
   4   1        
   5   1        while(z --);
   6   1      }
   7          
   8          void main(void){
   9   1        
  10   1        unsigned char i;
  11   1        
  12   1        while(1){
  13   2          
  14   2          for (i = 0; i < 8; i ++){
  15   3            P0 = 0x01 << i;
  16   3            delay(20000);
  17   3          }
  18   2          
  19   2          if (i == 8){
  20   3            for (i = 0; i < 8; i ++){
  21   4            
  22   4            P0 = 0x80 >> i;
  23   4            delay(20000);
  24   4            }
  25   3          }
  26   2        }
  27   1      }


MODULE INFORMATION:   STATIC OVERLAYABLE
   CODE SIZE        =     83    ----
   CONSTANT SIZE    =   ----    ----
   XDATA SIZE       =   ----    ----
   PDATA SIZE       =   ----    ----
   DATA SIZE        =   ----    ----
   IDATA SIZE       =   ----    ----
   BIT SIZE         =   ----    ----
END OF MODULE INFORMATION.


C51 COMPILATION COMPLETE.  0 WARNING(S),  0 ERROR(S)
