  identity.cpp
  manager.cpp
D:\C++代码项目\机房预约系统\globalFile.h(1,1): warning C4828: 文件包含在偏移 0x12a 处开始的字符，该字符在当前源字符集中无效(代码页 936)。
  orderFile.cpp
D:\C++代码项目\机房预约系统\globalFile.h(1,1): warning C4828: 文件包含在偏移 0x12a 处开始的字符，该字符在当前源字符集中无效(代码页 936)。
D:\C++代码项目\机房预约系统\orderFile.cpp(25,27): warning C4267: “初始化”: 从“size_t”转换到“int”，可能丢失数据
D:\C++代码项目\机房预约系统\orderFile.cpp(35,27): warning C4267: “=”: 从“size_t”转换到“int”，可能丢失数据
D:\C++代码项目\机房预约系统\orderFile.cpp(45,24): warning C4267: “=”: 从“size_t”转换到“int”，可能丢失数据
D:\C++代码项目\机房预约系统\orderFile.cpp(55,26): warning C4267: “=”: 从“size_t”转换到“int”，可能丢失数据
D:\C++代码项目\机房预约系统\orderFile.cpp(65,25): warning C4267: “=”: 从“size_t”转换到“int”，可能丢失数据
D:\C++代码项目\机房预约系统\orderFile.cpp(75,25): warning C4267: “=”: 从“size_t”转换到“int”，可能丢失数据
  student.cpp
D:\C++代码项目\机房预约系统\globalFile.h(1,1): warning C4828: 文件包含在偏移 0x12a 处开始的字符，该字符在当前源字符集中无效(代码页 936)。
  teacher.cpp
D:\C++代码项目\机房预约系统\globalFile.h(1,1): warning C4828: 文件包含在偏移 0x12a 处开始的字符，该字符在当前源字符集中无效(代码页 936)。
D:\C++代码项目\机房预约系统\manager.h(45,9): error C2065: “Teacher”: 未声明的标识符
D:\C++代码项目\机房预约系统\manager.h(45,2): error C2923: "std::vector": "Teacher" 不是参数 "_Ty" 的有效 模板 类型参数
D:\C++代码项目\机房预约系统\manager.h(45,9): message : 参见“Teacher”的声明
D:\C++代码项目\机房预约系统\manager.h(45,2): error C2976: “std::vector'”: 模板 参数太少
C:\编程\Vs\VC\Tools\MSVC\14.34.31933\include\vector(494,1): message : 参见“std::vector”的声明
  机房预约系统.cpp
D:\C++代码项目\机房预约系统\globalFile.h(1,1): warning C4828: 文件包含在偏移 0x12a 处开始的字符，该字符在当前源字符集中无效(代码页 936)。
D:\C++代码项目\机房预约系统\manager.h(45,9): error C2065: “Teacher”: 未声明的标识符
D:\C++代码项目\机房预约系统\manager.h(45,2): error C2923: "std::vector": "Teacher" 不是参数 "_Ty" 的有效 模板 类型参数
D:\C++代码项目\机房预约系统\manager.h(45,9): message : 参见“Teacher”的声明
D:\C++代码项目\机房预约系统\manager.h(45,2): error C2976: “std::vector'”: 模板 参数太少
C:\编程\Vs\VC\Tools\MSVC\14.34.31933\include\vector(494,1): message : 参见“std::vector”的声明
  正在生成代码...
