C51 COMPILER V9.60.0.0   BSP_HC_SR04                                                       12/14/2022 13:32:15 PAGE 1   


C51 COMPILER V9.60.0.0, COMPILATION OF MODULE BSP_HC_SR04
OBJECT MODULE PLACED IN ..\Output\bsp_hc_sr04.obj
COMPILER INVOKED BY: C:\keil_v5\C51\BIN\C51.EXE ..\User\hc_sr04\bsp_hc_sr04.c OPTIMIZE(8,SPEED) BROWSE INCDIR(..\Librari
                    -es;..\User) DEBUG OBJECTEXTEND PRINT(..\Listing\bsp_hc_sr04.lst) TABS(2) OBJECT(..\Output\bsp_hc_sr04.obj)

line level    source

   1          # include "./hc_sr04/bsp_hc_sr04.h"
   2          # include <stdio.h>
   3          # include "intrins.h"
   4          
   5          int putchar(int c){
   6   1      
   7   1          while(!(SCON & 0x02));
   8   1          SCON &= ~0x02;
   9   1          SBUF = c;
  10   1          return (c);
  11   1      }
  12          
  13          void  trigger(void)              //启动模块
  14            {
  15   1          TRIG = 0;
  16   1          TRIG = 1;                          //启动一次模块
  17   1          _nop_(); 
  18   1          _nop_(); 
  19   1          _nop_(); 
  20   1          _nop_(); 
  21   1          _nop_(); 
  22   1          _nop_(); 
  23   1          _nop_(); 
  24   1          _nop_(); 
  25   1          _nop_(); 
  26   1          _nop_(); 
  27   1          TRIG = 0;
  28   1        }
  29          
  30          void calc(void){
  31   1      
  32   1          uint16_t duration, distance;
  33   1          duration = TH0 * 256 + TL0;
  34   1          duration *= 12/11.0592;
  35   1      
  36   1          distance = duration * 0.017;
  37   1        printf("距离: %d cm\n", distance);
  38   1          TH0 = 0;
  39   1          TL0 = 0;
  40   1      }
  41          
  42          void setup(void){
  43   1      
  44   1          TMOD = 0x21;
  45   1          SCON = 0x40;
  46   1      
  47   1          TH1 = 0xFD;
  48   1          TCON |= 0x40;
  49   1          SCON |= 0x02;
  50   1      
  51   1          TH0 = 0;
  52   1          TL0 = 0;
  53   1          ET0 = 1;
  54   1          EA = 1;
C51 COMPILER V9.60.0.0   BSP_HC_SR04                                                       12/14/2022 13:32:15 PAGE 2   

  55   1      }
  56          
  57          void loop(void){
  58   1      
  59   1          trigger();
  60   1          while(!ECHO);
  61   1          TR0 = 1;
  62   1          while(ECHO);
  63   1          TR0 = 0;
  64   1          calc();
  65   1          delay_1ms(10);
  66   1      }


MODULE INFORMATION:   STATIC OVERLAYABLE
   CODE SIZE        =    156    ----
   CONSTANT SIZE    =     13    ----
   XDATA SIZE       =   ----    ----
   PDATA SIZE       =   ----    ----
   DATA SIZE        =   ----    ----
   IDATA SIZE       =   ----    ----
   BIT SIZE         =   ----    ----
END OF MODULE INFORMATION.


C51 COMPILATION COMPLETE.  0 WARNING(S),  0 ERROR(S)
