C51 COMPILER V9.60.0.0   KEY                                                               12/21/2022 14:29:03 PAGE 1   


C51 COMPILER V9.60.0.0, COMPILATION OF MODULE KEY
OBJECT MODULE PLACED IN ..\Output\key.obj
COMPILER INVOKED BY: C:\keil_v5\C51\BIN\C51.EXE ..\User\key\key.c OPTIMIZE(8,SPEED) BROWSE INCDIR(..\Libraries;..\User;.
                    -.\User\key;..\User\sg90) DEBUG OBJECTEXTEND PRINT(..\Listing\key.lst) TABS(2) OBJECT(..\Output\key.obj)

line level    source

   1          # include "key.h"
   2          
   3          uint8_t KeySta[4] = {1,1,1,1};
   4          uint8_t KeyBac[4] = {1,1,1,1};
   5          
   6          //判断按键是否按下
   7          uint8_t key_Judgement(){
   8   1          uint8_t i = 0;
   9   1          uint8_t key = 0;
  10   1      
  11   1          for (i = 0; i < 4; i++){
  12   2              if (KeySta[i] != KeyBac[i]){
  13   3                  if (KeyBac[i] != 0){
  14   4                      key = i+1;
  15   4                  }
  16   3                  KeyBac[i] = KeySta[i];
  17   3              }
  18   2          }
  19   1          return key;
  20   1      }
  21          
  22          //中断函数
  23          void key_pick() {
  24   1          uint8_t KeyBuf[4] = {1,1,1,1};
  25   1          uint8_t i = 0;
  26   1          
  27   1          KeyBuf[0] = KEY1;
  28   1          KeyBuf[1] = KEY2;
  29   1          KeyBuf[2] = KEY3;
  30   1          KeyBuf[3] = KEY4;
  31   1      
  32   1          for (i = 0; i < 4; i++){
  33   2              if (KeyBuf[i] == 0) KeySta[i] = 0;
  34   2              else if (KeyBuf[i] == 1) KeySta[i] = 1;
  35   2          }
  36   1      }


MODULE INFORMATION:   STATIC OVERLAYABLE
   CODE SIZE        =    134    ----
   CONSTANT SIZE    =      4    ----
   XDATA SIZE       =   ----    ----
   PDATA SIZE       =   ----    ----
   DATA SIZE        =      8       4
   IDATA SIZE       =   ----    ----
   BIT SIZE         =   ----    ----
END OF MODULE INFORMATION.


C51 COMPILATION COMPLETE.  0 WARNING(S),  0 ERROR(S)
