C51 COMPILER V9.60.0.0   SG90                                                              12/21/2022 14:29:02 PAGE 1   


C51 COMPILER V9.60.0.0, COMPILATION OF MODULE SG90
OBJECT MODULE PLACED IN ..\Output\sg90.obj
COMPILER INVOKED BY: C:\keil_v5\C51\BIN\C51.EXE ..\User\sg90\sg90.c OPTIMIZE(8,SPEED) BROWSE INCDIR(..\Libraries;..\User
                    -;..\User\key;..\User\sg90) DEBUG OBJECTEXTEND PRINT(..\Listing\sg90.lst) TABS(2) OBJECT(..\Output\sg90.obj)

line level    source

   1          # include "sg90.h"
   2          # include "key.h"
   3          
   4          //初始化中断时间，周期，占空比
   5          uint8_t gtim_h = 0;
   6          uint8_t gtim_l = 0;
   7          uint8_t gtim_scale = 0;
   8          signed char gduty1 = 0;
   9          signed char gduty2 = 0;
  10          
  11          //PWM 初始化
  12          void pwm_init(uint8_t tim_h, uint8_t tim_l, uint8_t tim_scale, signed char duty1, signed char duty2){
  13   1      
  14   1          //初始化中断时间，周期，占空比
  15   1          gtim_h = tim_h;
  16   1          gtim_l = tim_l;
  17   1          gtim_scale = tim_scale;
  18   1          gduty1 = duty1;
  19   1          gduty2 = duty2;
  20   1      
  21   1          //定时器T0 工作模式M1
  22   1          TMOD = 0x01;
  23   1      
  24   1          //设置中断时间
  25   1          TH0 = gtim_h;
  26   1          TL0 = gtim_l;
  27   1      
  28   1          //中断定时器T0 开启
  29   1          ET0 = 1;
  30   1      
  31   1          //总中断开启
  32   1          EA = 1;
  33   1      
  34   1          //定时器T0 开启
  35   1          TR0 = 1;
  36   1      }
  37          
  38          //更新占空比
  39          void pwm_set_duty(uint8_t duty1, uint8_t duty2){
  40   1          gduty1 = duty1;
  41   1          gduty2 = duty2;
  42   1      }
  43          
  44          //中断函数
  45          void pwm() interrupt 1{
  46   1      
  47   1          static uint8_t time = 0;
  48   1      
  49   1          TH0 = gtim_h;
  50   1          TL0 = gtim_l;
  51   1      
  52   1          time++;
  53   1      
  54   1          if (time >= gtim_scale) time = 0;
C51 COMPILER V9.60.0.0   SG90                                                              12/21/2022 14:29:02 PAGE 2   

  55   1      
  56   1          if (time <= gduty1) PWM1 = 1;
  57   1          else PWM1 = 0;
  58   1      
  59   1          if (time <= gduty2) PWM2 = 1;
  60   1          else PWM2 = 0;
  61   1      }


MODULE INFORMATION:   STATIC OVERLAYABLE
   CODE SIZE        =    138    ----
   CONSTANT SIZE    =   ----    ----
   XDATA SIZE       =   ----    ----
   PDATA SIZE       =   ----    ----
   DATA SIZE        =      6       5
   IDATA SIZE       =   ----    ----
   BIT SIZE         =   ----    ----
END OF MODULE INFORMATION.


C51 COMPILATION COMPLETE.  0 WARNING(S),  0 ERROR(S)
