C51 COMPILER V9.60.7.0   BSP_UART                                                          02/12/2023 08:53:33 PAGE 1   


C51 COMPILER V9.60.7.0, COMPILATION OF MODULE BSP_UART
OBJECT MODULE PLACED IN ..\Output\bsp_uart.obj
COMPILER INVOKED BY: C:\App\keil5MDK\C51\BIN\C51.EXE ..\User\uart\bsp_uart.c OPTIMIZE(8,SPEED) BROWSE INCDIR(..\Librarie
                    -s;..\User) DEBUG OBJECTEXTEND PRINT(..\Listing\bsp_uart.lst) TABS(2) OBJECT(..\Output\bsp_uart.obj)

line level    source

   1          # include "./uart/bsp_uart.h"
   2          # include "./led/bsp_led.h"
   3          # include <stdio.h>
   4          
   5          int putchar(int c){
   6   1      
   7   1          while(!(SCON & 0x02));
   8   1          SCON &= ~0x02;
   9   1          SBUF = c;
  10   1          return (c);
  11   1      }
  12          
  13          void uart_Config(void){
  14   1      
  15   1          TMOD = 0x20;
  16   1          SCON = 0x50;
  17   1      
  18   1          TH1 = 0xFD;
  19   1          SCON |= 0x02;
  20   1      
  21   1          ES=1;   
  22   1          EA=1;   
  23   1          TR1=1;
  24   1          EA = 1;
  25   1      }
  26          
  27          void uart() interrupt 4 
  28          {
  29   1        uint8_t dat;
  30   1      
  31   1        RI = 0;     
  32   1        dat = SBUF;
  33   1      
  34   1        if (dat == '1'){
  35   2          LED1 = 1;
  36   2          printf("LED1 Light\r\n");
  37   2        }
  38   1        else if (dat == '2'){
  39   2          LED2 = 1;
  40   2          printf("LED2 Light\r\n");
  41   2        }
  42   1        else if (dat == '3'){
  43   2          LED3 = 1;
  44   2          printf("LED3 Light\r\n");
  45   2        }
  46   1        else if (dat == '4'){
  47   2          LED4 = 1;
  48   2          printf("LED4 Light\r\n");
  49   2        }
  50   1        else if (dat == '5'){
  51   2          LED5 = 1;
  52   2          printf("LED5 Light\r\n");
  53   2        }
  54   1        else if (dat == '6'){
C51 COMPILER V9.60.7.0   BSP_UART                                                          02/12/2023 08:53:33 PAGE 2   

  55   2          LED6 = 1;
  56   2          printf("LED6 Light\r\n");
  57   2        }
  58   1        else if (dat == '7'){
  59   2          LED7 = 1;
  60   2          printf("LED7 Light\r\n");
  61   2        }
  62   1        else if (dat == '8'){
  63   2          LED8 = 1;
  64   2          printf("LED8 Light\r\n");
  65   2        }
  66   1        else if (dat == '9'){
  67   2          P0 = 0x00;
  68   2          printf("all LED close\r\n");
  69   2        }
  70   1      }


MODULE INFORMATION:   STATIC OVERLAYABLE
   CODE SIZE        =    230    ----
   CONSTANT SIZE    =    120    ----
   XDATA SIZE       =   ----    ----
   PDATA SIZE       =   ----    ----
   DATA SIZE        =   ----       1
   IDATA SIZE       =   ----    ----
   BIT SIZE         =   ----    ----
END OF MODULE INFORMATION.


C51 COMPILATION COMPLETE.  0 WARNING(S),  0 ERROR(S)
