C51 COMPILER V9.60.0.0   MAIN                                                              12/15/2022 08:32:21 PAGE 1   


C51 COMPILER V9.60.0.0, COMPILATION OF MODULE MAIN
OBJECT MODULE PLACED IN ..\Output\main.obj
COMPILER INVOKED BY: C:\keil_v5\C51\BIN\C51.EXE ..\User\main.c OPTIMIZE(8,SPEED) BROWSE INCDIR(..\Libraries;..\User) DEB
                    -UG OBJECTEXTEND PRINT(..\Listing\main.lst) TABS(2) OBJECT(..\Output\main.obj)

line level    source

   1          # include "stc89cxx.h"
   2          # include "./led/bsp_led.h"
   3          # include "./uart/bsp_uart.h"
   4          # include <stdio.h>
   5          
   6          void main(void){
   7   1      
   8   1        uart_Config();
   9   1        
  10   1        printf("Welcome to use\r\n");
  11   1        P0 = 0x00;
  12   1        while(1){
  13   2        }
  14   1      }


MODULE INFORMATION:   STATIC OVERLAYABLE
   CODE SIZE        =     17    ----
   CONSTANT SIZE    =     17    ----
   XDATA SIZE       =   ----    ----
   PDATA SIZE       =   ----    ----
   DATA SIZE        =   ----    ----
   IDATA SIZE       =   ----    ----
   BIT SIZE         =   ----    ----
END OF MODULE INFORMATION.


C51 COMPILATION COMPLETE.  0 WARNING(S),  0 ERROR(S)
