C51 COMPILER V9.60.7.0   STC89CXX                                                          02/12/2023 08:53:33 PAGE 1   


C51 COMPILER V9.60.7.0, COMPILATION OF MODULE STC89CXX
OBJECT MODULE PLACED IN ..\Output\stc89cxx.obj
COMPILER INVOKED BY: C:\App\keil5MDK\C51\BIN\C51.EXE ..\Libraries\stc89cxx.c OPTIMIZE(8,SPEED) BROWSE INCDIR(..\Librarie
                    -s;..\User) DEBUG OBJECTEXTEND PRINT(..\Listing\stc89cxx.lst) TABS(2) OBJECT(..\Output\stc89cxx.obj)

line level    source

   1          # include "stc89cxx.h"
   2          
   3          /*10us 延时*/
   4          void delay_10us(uint32_t z){
   5   1      
   6   1        while(z --);
   7   1      }
   8          
   9          /*延时1ms*/
  10          void delay_1ms(uint32_t z){
  11   1      
  12   1        uint8_t i = 0;
  13   1        while(z --){
  14   2          for (i = 0; i <= 120; i ++);
  15   2        }
  16   1      }


MODULE INFORMATION:   STATIC OVERLAYABLE
   CODE SIZE        =     57    ----
   CONSTANT SIZE    =   ----    ----
   XDATA SIZE       =   ----    ----
   PDATA SIZE       =   ----    ----
   DATA SIZE        =   ----       8
   IDATA SIZE       =   ----    ----
   BIT SIZE         =   ----    ----
END OF MODULE INFORMATION.


C51 COMPILATION COMPLETE.  0 WARNING(S),  0 ERROR(S)
