C51 COMPILER V9.60.0.0   MAIN                                                              12/10/2022 18:42:39 PAGE 1   


C51 COMPILER V9.60.0.0, COMPILATION OF MODULE MAIN
OBJECT MODULE PLACED IN ..\Output\main.obj
COMPILER INVOKED BY: C:\keil_v5\C51\BIN\C51.EXE ..\User\main.c OPTIMIZE(8,SPEED) BROWSE INCDIR(..\User\pwm) DEBUG OBJECT
                    -EXTEND PRINT(..\Listing\main.lst) TABS(2) OBJECT(..\Output\main.obj)

line level    source

   1          # include "bsp_pwm.h"
   2          
   3          void main(){
   4   1      
   5   1          u8 dir = 0;
   6   1          signed char duty = 0;
   7   1      
   8   1          pwm_init(0xff, 0xf6, 100, 0);
   9   1      
  10   1          while(1){
  11   2              if (dir == 0){
  12   3                  duty ++;
  13   3                  if (duty == 50) dir = 1;
  14   3              }
  15   2              else {
  16   3                  duty --;
  17   3                  if (duty == 0) dir = 0;
  18   3              }
  19   2      
  20   2              delay_ms(1);
  21   2              pwm_set_duty_cycle(duty);
  22   2          }
  23   1      }


MODULE INFORMATION:   STATIC OVERLAYABLE
   CODE SIZE        =     65    ----
   CONSTANT SIZE    =   ----    ----
   XDATA SIZE       =   ----    ----
   PDATA SIZE       =   ----    ----
   DATA SIZE        =   ----       2
   IDATA SIZE       =   ----    ----
   BIT SIZE         =   ----    ----
END OF MODULE INFORMATION.


C51 COMPILATION COMPLETE.  0 WARNING(S),  0 ERROR(S)
