C51 COMPILER V9.60.0.0   PWM                                                               12/10/2022 18:28:16 PAGE 1   


C51 COMPILER V9.60.0.0, COMPILATION OF MODULE PWM
OBJECT MODULE PLACED IN ..\Output\pwm.obj
COMPILER INVOKED BY: C:\keil_v5\C51\BIN\C51.EXE ..\User\pwm\pwm.c OPTIMIZE(8,SPEED) BROWSE DEBUG OBJECTEXTEND PRINT(..\L
                    -isting\pwm.lst) TABS(2) OBJECT(..\Output\pwm.obj)

line level    source

   1          # include "./pwm/pwm.h"
*** WARNING C318 IN LINE 1 OF ..\User\pwm\pwm.c: can't open file './pwm/pwm.h'
   2          
   3          //中断时间
   4          u8 gtim_h = 0;
*** ERROR C129 IN LINE 4 OF ..\User\pwm\pwm.c: missing ';' before 'gtim_h'
   5          u8 gtim_l = 0;
   6          
   7          //周期
   8          u8 gtim_scale = 0;
   9          
  10          //占空比
  11          u8 gduty = 0;
  12          
  13          //1ms 延迟函数
  14          void delay_ms(u8 z){
  15          
  16              u8 i = 0;
  17              while(z --){
  18                  for (i = 0; i <= 120; i++);
  19              }
  20          }
  21          
  22          //pwm 初始化
  23          void pwm_init(u8 tim_h, u8 tim_l, u8 tim_scale, u8 duty){
  24          
  25              //初始化中断时间和周期占空比
  26              gtim_h = tim_h;
  27              gtim_l = tim_l;
  28              gtim_scale = tim_scale;
  29              gduty = duty;
  30          
  31              //定时器0 工作模式M1
  32              TMOD |= 0x01;
  33          
  34              //中断时间
  35              TH0 = gtim_h;
  36              TL0 = gtim_l;
  37          
  38              //定时器T0 开启
  39              ET0 = 1;
  40          
  41              //总中断开启
  42              EA = 1;
  43          
  44              //定时器T0 开启
  45              TR0  = 1;
  46          }
  47          
  48          //传入占空比
  49          void pwm_set_duty_cycle(u8 duty){
  50              gduty = duty;
  51          }
  52          
C51 COMPILER V9.60.0.0   PWM                                                               12/10/2022 18:28:16 PAGE 2   

  53          //中断函数
  54          void pwm() interrupt 1{
  55          
  56              //记录时间
  57              static u8 time = 0;
  58          
  59              TH0 = gtim_h;
  60              TL0 = gtim_l; 
  61          
  62              time ++;  
  63          
  64              if (time >= gtim_scale) time = 0;
  65          
  66              if (time <= gduty) P0 = 0xff;
  67              else P0 = 0x00;
  68          }

C51 COMPILATION COMPLETE.  1 WARNING(S),  1 ERROR(S)
