  speechManager.cpp
D:\C++代码项目\演讲比赛流程管理系统\speechManager.cpp(313,32): warning C4267: “=”: 从“size_t”转换到“int”，可能丢失数据
C:\编程\Vs\VC\Tools\MSVC\14.34.31933\include\numeric(34,26): warning C4244: “=”: 从“double”转换到“_Ty”，可能丢失数据
          with
          [
              _Ty=float
          ]
C:\编程\Vs\VC\Tools\MSVC\14.34.31933\include\numeric(41,89): message : 查看对正在编译的函数 模板 实例化“_Ty std::accumulate<_InIt,_Ty,std::plus<void>>(const _InIt,const _InIt,_Ty,_Fn)”的引用
          with
          [
              _Ty=float,
              _InIt=std::_Deque_iterator<std::_Deque_val<std::_Deque_simple_types<double>>>,
              _Fn=std::plus<void>
          ]
D:\C++代码项目\演讲比赛流程管理系统\speechManager.cpp(188,51): message : 查看对正在编译的函数 模板 实例化“_Ty std::accumulate<std::_Deque_iterator<std::_Deque_val<std::_Deque_simple_types<double>>>,float>(const _InIt,const _InIt,_Ty)”的引用
          with
          [
              _Ty=float,
              _InIt=std::_Deque_iterator<std::_Deque_val<std::_Deque_simple_types<double>>>
          ]
  演讲比赛流程管理系统.cpp
  正在生成代码
  Previous IPDB not found, fall back to full compilation.
  All 1135 functions were compiled because no usable IPDB/IOBJ from previous compilation was found.
  已完成代码的生成
  演讲比赛流程管理系统.vcxproj -> D:\C++代码项目\演讲比赛流程管理系统\x64\Release\演讲比赛流程管理系统.exe
